<?xml version="1.0" encoding="UTF-8" ?>
<testsuite tests="39" failures="0" name="br.com.contmatic.empresa.EnderecoTest" time="0.016" errors="0" skipped="1">
  <properties>
    <property name="java.runtime.name" value="Java(TM) SE Runtime Environment"/>
    <property name="sun.boot.library.path" value="C:\Program Files\Java\jdk1.8.0_221\jre\bin"/>
    <property name="java.vm.version" value="25.221-b11"/>
    <property name="java.vm.vendor" value="Oracle Corporation"/>
    <property name="maven.multiModuleProjectDirectory" value="C:\Users\andre.souza\Desktop\prova_3\Empresa_prova_3"/>
    <property name="java.vendor.url" value="http://java.oracle.com/"/>
    <property name="path.separator" value=";"/>
    <property name="guice.disable.misplaced.annotation.check" value="true"/>
    <property name="java.vm.name" value="Java HotSpot(TM) 64-Bit Server VM"/>
    <property name="file.encoding.pkg" value="sun.io"/>
    <property name="user.script" value=""/>
    <property name="user.country" value="BR"/>
    <property name="sun.java.launcher" value="SUN_STANDARD"/>
    <property name="sun.os.patch.level" value=""/>
    <property name="java.vm.specification.name" value="Java Virtual Machine Specification"/>
    <property name="user.dir" value="C:\Users\andre.souza\Desktop\prova_3\Empresa_prova_3"/>
    <property name="java.runtime.version" value="1.8.0_221-b11"/>
    <property name="java.awt.graphicsenv" value="sun.awt.Win32GraphicsEnvironment"/>
    <property name="java.endorsed.dirs" value="C:\Program Files\Java\jdk1.8.0_221\jre\lib\endorsed"/>
    <property name="os.arch" value="amd64"/>
    <property name="java.io.tmpdir" value="C:\Users\ANDRE~1.SOU\AppData\Local\Temp\"/>
    <property name="line.separator" value="
"/>
    <property name="java.vm.specification.vendor" value="Oracle Corporation"/>
    <property name="user.variant" value=""/>
    <property name="os.name" value="Windows 10"/>
    <property name="classworlds.conf" value="C:\Users\andre.souza\Documents\empresaProvaTres\.metadata\.plugins\org.eclipse.m2e.launching\launches\m2conf8240206679178349363.tmp"/>
    <property name="jansi.force" value="true"/>
    <property name="sun.jnu.encoding" value="Cp1252"/>
    <property name="java.library.path" value="C:\Program Files\Java\jdk1.8.0_221\bin;C:\WINDOWS\Sun\Java\bin;C:\WINDOWS\system32;C:\WINDOWS;C:/Program Files/Java/jre1.8.0_221/bin/server;C:/Program Files/Java/jre1.8.0_221/bin;C:/Program Files/Java/jre1.8.0_221/lib/amd64;C:\Program Files (x86)\Common Files\Oracle\Java\javapath;C:\WINDOWS\system32;C:\WINDOWS;C:\WINDOWS\System32\Wbem;C:\WINDOWS\System32\WindowsPowerShell\v1.0\;C:\WINDOWS\System32\OpenSSH\;C:\Program Files\Git\cmd;C:\Users\andre.souza\AppData\Local\Continuum\anaconda3;C:\Users\andre.souza\AppData\Local\Continuum\anaconda3\Library\mingw-w64\bin;C:\Users\andre.souza\AppData\Local\Continuum\anaconda3\Library\usr\bin;C:\Users\andre.souza\AppData\Local\Continuum\anaconda3\Library\bin;C:\Users\andre.souza\AppData\Local\Continuum\anaconda3\Scripts;C:\Users\andre.souza\AppData\Local\Microsoft\WindowsApps;C:\Users\andre.souza\Desktop\spring-tool-suite-3.9.9.RELEASE-e4.12.0-win32-x86_64\sts-bundle\sts-3.9.9.RELEASE;;."/>
    <property name="jansi.passthrough" value="true"/>
    <property name="java.specification.name" value="Java Platform API Specification"/>
    <property name="java.class.version" value="52.0"/>
    <property name="sun.management.compiler" value="HotSpot 64-Bit Tiered Compilers"/>
    <property name="os.version" value="10.0"/>
    <property name="user.home" value="C:\Users\andre.souza"/>
    <property name="user.timezone" value="America/Sao_Paulo"/>
    <property name="java.awt.printerjob" value="sun.awt.windows.WPrinterJob"/>
    <property name="java.specification.version" value="1.8"/>
    <property name="file.encoding" value="UTF-8"/>
    <property name="user.name" value="andre.souza"/>
    <property name="java.class.path" value="C:\Users\andre.souza\Desktop\spring-tool-suite-3.9.9.RELEASE-e4.12.0-win32-x86_64\sts-bundle\sts-3.9.9.RELEASE\plugins\org.eclipse.m2e.maven.runtime_1.12.0.20190529-1915\jars\plexus-classworlds-2.6.0.jar"/>
    <property name="java.vm.specification.version" value="1.8"/>
    <property name="sun.arch.data.model" value="64"/>
    <property name="java.home" value="C:\Program Files\Java\jdk1.8.0_221\jre"/>
    <property name="sun.java.command" value="org.codehaus.plexus.classworlds.launcher.Launcher -B install -Dstyle.color=always"/>
    <property name="java.specification.vendor" value="Oracle Corporation"/>
    <property name="user.language" value="pt"/>
    <property name="awt.toolkit" value="sun.awt.windows.WToolkit"/>
    <property name="java.vm.info" value="mixed mode"/>
    <property name="java.version" value="1.8.0_221"/>
    <property name="java.ext.dirs" value="C:\Program Files\Java\jdk1.8.0_221\jre\lib\ext;C:\WINDOWS\Sun\Java\lib\ext"/>
    <property name="sun.boot.class.path" value="C:\Program Files\Java\jdk1.8.0_221\jre\lib\resources.jar;C:\Program Files\Java\jdk1.8.0_221\jre\lib\rt.jar;C:\Program Files\Java\jdk1.8.0_221\jre\lib\sunrsasign.jar;C:\Program Files\Java\jdk1.8.0_221\jre\lib\jsse.jar;C:\Program Files\Java\jdk1.8.0_221\jre\lib\jce.jar;C:\Program Files\Java\jdk1.8.0_221\jre\lib\charsets.jar;C:\Program Files\Java\jdk1.8.0_221\jre\lib\jfr.jar;C:\Program Files\Java\jdk1.8.0_221\jre\classes"/>
    <property name="java.vendor" value="Oracle Corporation"/>
    <property name="maven.home" value="C:\Users\andre.souza\Desktop\prova_3\Empresa_prova_3\EMBEDDED"/>
    <property name="style.color" value="always"/>
    <property name="file.separator" value="\"/>
    <property name="java.vendor.url.bug" value="http://bugreport.sun.com/bugreport/"/>
    <property name="sun.cpu.endian" value="little"/>
    <property name="sun.io.unicode.encoding" value="UnicodeLittle"/>
    <property name="sun.desktop" value="windows"/>
    <property name="sun.cpu.isalist" value="amd64"/>
  </properties>
  <testcase classname="br.com.contmatic.empresa.EnderecoTest" name="deve_aceitar_logradouro_valido" time="0"/>
  <testcase classname="br.com.contmatic.empresa.EnderecoTest" name="to_string_deve_conter_bairro" time="0"/>
  <testcase classname="br.com.contmatic.empresa.EnderecoTest" name="nao_deve_aceitar_cep_com_caracteres_especiais" time="0"/>
  <testcase classname="br.com.contmatic.empresa.EnderecoTest" name="deve_respeitar_o_get_set_numero" time="0"/>
  <testcase classname="br.com.contmatic.empresa.EnderecoTest" name="to_string_deve_conter_complemento" time="0"/>
  <testcase classname="br.com.contmatic.empresa.EnderecoTest" name="to_string_deve_conter_numero" time="0"/>
  <testcase classname="br.com.contmatic.empresa.EnderecoTest" name="nao_deve_aceitar_cep_nulo" time="0"/>
  <testcase classname="br.com.contmatic.empresa.EnderecoTest" name="deve_respeitar_o_get_set_cep" time="0"/>
  <testcase classname="br.com.contmatic.empresa.EnderecoTest" name="nao_deve_aceitar_complemento_nulo" time="0"/>
  <testcase classname="br.com.contmatic.empresa.EnderecoTest" name="testa_hashcode_igual" time="0"/>
  <testcase classname="br.com.contmatic.empresa.EnderecoTest" name="deve_aceitar_bairro_valido" time="0"/>
  <testcase classname="br.com.contmatic.empresa.EnderecoTest" name="not_equals_se_houver_cep_diferente" time="0"/>
  <testcase classname="br.com.contmatic.empresa.EnderecoTest" name="nao_deve_aceitar_numero_com_caracteres_especiais" time="0"/>
  <testcase classname="br.com.contmatic.empresa.EnderecoTest" name="not_equals_se_houver_complemento_diferente" time="0"/>
  <testcase classname="br.com.contmatic.empresa.EnderecoTest" name="nao_deve_aceitar_logradouro_nulo" time="0"/>
  <testcase classname="br.com.contmatic.empresa.EnderecoTest" name="nao_deve_aceitar_numero_com_espaco" time="0"/>
  <testcase classname="br.com.contmatic.empresa.EnderecoTest" name="not_equals_se_houver_numero_diferente" time="0"/>
  <testcase classname="br.com.contmatic.empresa.EnderecoTest" name="nao_deve_aceitar_numero_com_letras" time="0"/>
  <testcase classname="br.com.contmatic.empresa.EnderecoTest" name="nao_deve_aceitar_cep_com_espaco" time="0"/>
  <testcase classname="br.com.contmatic.empresa.EnderecoTest" name="nao_deve_aceitar_cep_com_letras" time="0"/>
  <testcase classname="br.com.contmatic.empresa.EnderecoTest" name="deve_aceitar_complemento_valido" time="0"/>
  <testcase classname="br.com.contmatic.empresa.EnderecoTest" name="deve_respeitar_o_get_set_complemento" time="0"/>
  <testcase classname="br.com.contmatic.empresa.EnderecoTest" name="nao_deve_aceitar_cep_maior_8_digitos" time="0"/>
  <testcase classname="br.com.contmatic.empresa.EnderecoTest" name="atesta_que_logradouro_contem_ce_cedilha" time="0"/>
  <testcase classname="br.com.contmatic.empresa.EnderecoTest" name="atesta_que_logradouro_nao_contem_ce_cedilha" time="0">
    <skipped/>
  </testcase>
  <testcase classname="br.com.contmatic.empresa.EnderecoTest" name="construtor_funciona_com_valores_validos" time="0"/>
  <testcase classname="br.com.contmatic.empresa.EnderecoTest" name="to_string_deve_conter_logradouro" time="0"/>
  <testcase classname="br.com.contmatic.empresa.EnderecoTest" name="nao_deve_aceitar_cep_menor_8_digitos" time="0.016"/>
  <testcase classname="br.com.contmatic.empresa.EnderecoTest" name="equals_deve_ser_true_logradouro_numero_complemento_cep_iguais" time="0"/>
  <testcase classname="br.com.contmatic.empresa.EnderecoTest" name="nao_deve_aceitar_bairro_nulo" time="0"/>
  <testcase classname="br.com.contmatic.empresa.EnderecoTest" name="equals_da_false_se_objetos_forem_de_classes_diferentes" time="0"/>
  <testcase classname="br.com.contmatic.empresa.EnderecoTest" name="deve_aceitar_cep_valido" time="0"/>
  <testcase classname="br.com.contmatic.empresa.EnderecoTest" name="deve_respeitar_o_get_set_logradouro" time="0"/>
  <testcase classname="br.com.contmatic.empresa.EnderecoTest" name="nao_deve_aceitar_numero_nulo" time="0"/>
  <testcase classname="br.com.contmatic.empresa.EnderecoTest" name="testa_hashcode_diferente" time="0"/>
  <testcase classname="br.com.contmatic.empresa.EnderecoTest" name="to_string_deve_conter_cep" time="0"/>
  <testcase classname="br.com.contmatic.empresa.EnderecoTest" name="deve_respeitar_o_get_set_bairro" time="0"/>
  <testcase classname="br.com.contmatic.empresa.EnderecoTest" name="deve_aceitar_numero_valido" time="0"/>
  <testcase classname="br.com.contmatic.empresa.EnderecoTest" name="not_equals_se_houver_logradouro_diferente" time="0"/>
</testsuite>